Information: Updating design information... (UID-85)
 
****************************************
Report : timing
        -path full
        -delay max
        -max_paths 1
Design : SPI_RX
Version: J-2014.09-SP5
Date   : Tue Apr 12 09:02:59 2016
****************************************

Operating Conditions: NCCOM   Library: tcbn40lpbwp12ttc
Wire Load Model Mode: segmented

  Startpoint: match[14] (input port clocked by clk)
  Endpoint: SPItrig (output port clocked by clk)
  Path Group: clk
  Path Type: max

  Des/Clust/Port     Wire Load Model       Library
  ------------------------------------------------
  SPI_RX             TSMC32K_Lowk_Conservative
                                           tcbn40lpbwp12ttc

  Point                                    Incr       Path
  -----------------------------------------------------------
  clock clk (rise edge)                    0.00       0.00
  clock network delay (ideal)              0.00       0.00
  input external delay                     0.50       0.50 f
  match[14] (in)                           0.00       0.50 f
  U74/ZN (XNR2D1BWP12T)                    0.06       0.56 r
  U72/ZN (OAI22D1BWP12T)                   0.03       0.59 f
  U71/ZN (NR4D0BWP12T)                     0.07       0.67 r
  U68/ZN (OAI222D1BWP12T)                  0.06       0.73 f
  U63/Z (OR4XD1BWP12T)                     0.14       0.86 f
  U64/ZN (INVD9BWP12T)                     0.10       0.96 r
  SPItrig (out)                            0.00       0.96 r
  data arrival time                                   0.96

  clock clk (rise edge)                    2.00       2.00
  clock network delay (ideal)              0.00       2.00
  output external delay                   -0.75       1.25
  data required time                                  1.25
  -----------------------------------------------------------
  data required time                                  1.25
  data arrival time                                  -0.96
  -----------------------------------------------------------
  slack (MET)                                         0.29


1
